<?xml version="1.0" encoding="UTF-8"?>
<Site BuildName="Linux-clang++-12"
	BuildStamp="20230928-1514-Experimental"
	Name="El-Gusano"
	Generator="ctest-3.16.3"
	CompilerName="/usr/bin/clang++-12"
	CompilerVersion="12.0.0"
	OSName="Linux"
	Hostname="El-Gusano"
	OSRelease="5.15.90.1-microsoft-standard-WSL2"
	OSVersion="#1 SMP Fri Jan 27 02:56:13 UTC 2023"
	OSPlatform="x86_64"
	Is64Bits="1"
	VendorString="GenuineIntel"
	VendorID="Intel Corporation"
	FamilyID="6"
	ModelID="140"
	ProcessorCacheSize="8192"
	NumberOfLogicalCPU="8"
	NumberOfPhysicalCPU="4"
	TotalVirtualMemory="2048"
	TotalPhysicalMemory="7835"
	LogicalProcessorsPerPhysical="2"
	ProcessorClockFrequency="2419.21"
	>
	<Testing>
		<StartDateTime>Sep 28 08:14 PDT</StartDateTime>
		<StartTestTime>1695914058</StartTestTime>
		<TestList/>
		<EndDateTime>Sep 28 08:14 PDT</EndDateTime>
		<EndTestTime>1695914058</EndTestTime>
		<ElapsedMinutes>0</ElapsedMinutes>
	</Testing>
</Site>
